<?xml version="1.0" encoding="UTF-8"?>
<!-- Generated by org.testng.reporters.JUnitReportReporter -->
<testsuite skipped="0" hostname="DESKTOP-STB771G" name="com.radwin.test.RadwinTest" tests="3" failures="0" timestamp="30 אוק 2018 18:26:25 GMT" time="46.345" errors="0">
  <testcase name="Test1" time="13.377" classname="com.radwin.test.RadwinTest"/>
  <testcase name="Test2" time="15.174" classname="com.radwin.test.RadwinTest"/>
  <testcase name="Test3" time="17.794" classname="com.radwin.test.RadwinTest"/>
</testsuite> <!-- com.radwin.test.RadwinTest -->
